11:32:54.895 [main] ERROR client.Client - .\clientConfig.properties (The system cannot find the file specified)
java.io.FileNotFoundException: .\clientConfig.properties (The system cannot find the file specified)
	at java.io.FileInputStream.open0(Native Method) ~[?:?]
	at java.io.FileInputStream.open(FileInputStream.java:219) ~[?:?]
	at java.io.FileInputStream.<init>(FileInputStream.java:157) ~[?:?]
	at java.io.FileInputStream.<init>(FileInputStream.java:112) ~[?:?]
	at properties.PropertiesCache.getPropertiesCache(PropertiesCache.java:29) ~[classes/:?]
	at client.Client.<init>(Client.java:36) ~[classes/:?]
	at client.ClientExecutor.main(ClientExecutor.java:8) ~[classes/:?]
11:34:03.724 [Thread-0] ERROR client.Client - Socket closed
java.net.SocketException: Socket closed
	at java.net.SocketInputStream.socketRead0(Native Method) ~[?:?]
	at java.net.SocketInputStream.socketRead(SocketInputStream.java:115) ~[?:?]
	at java.net.SocketInputStream.read(SocketInputStream.java:168) ~[?:?]
	at java.net.SocketInputStream.read(SocketInputStream.java:140) ~[?:?]
	at sun.nio.cs.StreamDecoder.readBytes(StreamDecoder.java:284) ~[?:?]
	at sun.nio.cs.StreamDecoder.implRead(StreamDecoder.java:326) ~[?:?]
	at sun.nio.cs.StreamDecoder.read(StreamDecoder.java:178) ~[?:?]
	at java.io.InputStreamReader.read(InputStreamReader.java:181) ~[?:?]
	at java.io.BufferedReader.fill(BufferedReader.java:161) ~[?:?]
	at java.io.BufferedReader.readLine(BufferedReader.java:326) ~[?:?]
	at java.io.BufferedReader.readLine(BufferedReader.java:392) ~[?:?]
	at client.Client.listenForMessage(Client.java:108) ~[classes/:?]
	at client.Client.run(Client.java:60) ~[classes/:?]
