13:02:15.249 [main] ERROR client.Client - Connection timed out: connect
java.net.ConnectException: Connection timed out: connect
	at java.net.PlainSocketImpl.connect0(Native Method) ~[?:?]
	at java.net.PlainSocketImpl.socketConnect(PlainSocketImpl.java:101) ~[?:?]
	at java.net.AbstractPlainSocketImpl.doConnect(AbstractPlainSocketImpl.java:412) ~[?:?]
	at java.net.AbstractPlainSocketImpl.connectToAddress(AbstractPlainSocketImpl.java:255) ~[?:?]
	at java.net.AbstractPlainSocketImpl.connect(AbstractPlainSocketImpl.java:237) ~[?:?]
	at java.net.SocksSocketImpl.connect(SocksSocketImpl.java:392) ~[?:?]
	at java.net.Socket.connect(Socket.java:615) ~[?:?]
	at java.net.Socket.connect(Socket.java:563) ~[?:?]
	at java.net.Socket.<init>(Socket.java:459) ~[?:?]
	at java.net.Socket.<init>(Socket.java:236) ~[?:?]
	at client.Client.<init>(Client.java:40) ~[client.jar:?]
	at client.ClientExecutor.main(ClientExecutor.java:10) ~[client.jar:?]
13:06:35.952 [main] ERROR client.Client - Connection timed out: connect
java.net.ConnectException: Connection timed out: connect
	at java.net.PlainSocketImpl.connect0(Native Method) ~[?:?]
	at java.net.PlainSocketImpl.socketConnect(PlainSocketImpl.java:101) ~[?:?]
	at java.net.AbstractPlainSocketImpl.doConnect(AbstractPlainSocketImpl.java:412) ~[?:?]
	at java.net.AbstractPlainSocketImpl.connectToAddress(AbstractPlainSocketImpl.java:255) ~[?:?]
	at java.net.AbstractPlainSocketImpl.connect(AbstractPlainSocketImpl.java:237) ~[?:?]
	at java.net.SocksSocketImpl.connect(SocksSocketImpl.java:392) ~[?:?]
	at java.net.Socket.connect(Socket.java:615) ~[?:?]
	at java.net.Socket.connect(Socket.java:563) ~[?:?]
	at java.net.Socket.<init>(Socket.java:459) ~[?:?]
	at java.net.Socket.<init>(Socket.java:236) ~[?:?]
	at client.Client.<init>(Client.java:40) ~[client.jar:?]
	at client.ClientExecutor.main(ClientExecutor.java:10) ~[client.jar:?]
